<?xml version="1.0" encoding="UTF-8"?>
<testng-results ignored="0" total="2" passed="2" failed="0" skipped="0">
  <reporter-output>
  </reporter-output>
  <suite started-at="2021-08-08T12:38:47 PDT" name="Surefire suite" finished-at="2021-08-08T12:39:35 PDT" duration-ms="48727">
    <groups>
      <group name="cucumber">
        <method signature="AbstractTestNGCucumberTests.feature(cucumber.api.testng.CucumberFeatureWrapper)[pri:0, instance:com.calibt.TestRunner.TestRunneer@74235045]" name="feature" class="cucumber.api.testng.AbstractTestNGCucumberTests"/>
      </group> <!-- cucumber -->
    </groups>
    <test started-at="2021-08-08T12:38:47 PDT" name="Surefire test" finished-at="2021-08-08T12:39:35 PDT" duration-ms="48727">
      <class name="com.calibt.TestRunner.TestRunneer">
        <test-method is-config="true" signature="LaunchAppURL()[pri:0, instance:com.calibt.TestRunner.TestRunneer@74235045]" started-at="2021-08-08T12:38:47 PDT" name="LaunchAppURL" finished-at="2021-08-08T12:38:51 PDT" duration-ms="4722" status="PASS">
          <reporter-output>
          </reporter-output>
        </test-method> <!-- LaunchAppURL -->
        <test-method is-config="true" signature="setUpClass()[pri:0, instance:com.calibt.TestRunner.TestRunneer@74235045]" started-at="2021-08-08T12:38:51 PDT" name="setUpClass" finished-at="2021-08-08T12:38:52 PDT" duration-ms="576" status="PASS">
          <reporter-output>
          </reporter-output>
        </test-method> <!-- setUpClass -->
        <test-method signature="feature(cucumber.api.testng.CucumberFeatureWrapper)[pri:0, instance:com.calibt.TestRunner.TestRunneer@74235045]" started-at="2021-08-08T12:38:52 PDT" name="feature" description="Runs Cucumber Feature" data-provider="features" finished-at="2021-08-08T12:39:15 PDT" duration-ms="22875" status="PASS">
          <params>
            <param index="0">
              <value>
                <![CDATA[Search functionality of Amazon]]>
              </value>
            </param>
          </params>
          <reporter-output>
          </reporter-output>
        </test-method> <!-- feature -->
        <test-method signature="feature(cucumber.api.testng.CucumberFeatureWrapper)[pri:0, instance:com.calibt.TestRunner.TestRunneer@74235045]" started-at="2021-08-08T12:39:15 PDT" name="feature" description="Runs Cucumber Feature" data-provider="features" finished-at="2021-08-08T12:39:33 PDT" duration-ms="17708" status="PASS">
          <params>
            <param index="0">
              <value>
                <![CDATA[Signin with valid credentials]]>
              </value>
            </param>
          </params>
          <reporter-output>
          </reporter-output>
        </test-method> <!-- feature -->
        <test-method is-config="true" signature="tearDownClass()[pri:0, instance:com.calibt.TestRunner.TestRunneer@74235045]" started-at="2021-08-08T12:39:33 PDT" name="tearDownClass" finished-at="2021-08-08T12:39:33 PDT" duration-ms="18" status="PASS">
          <reporter-output>
          </reporter-output>
        </test-method> <!-- tearDownClass -->
        <test-method is-config="true" signature="CloseAppURL()[pri:0, instance:com.calibt.TestRunner.TestRunneer@74235045]" started-at="2021-08-08T12:39:33 PDT" name="CloseAppURL" finished-at="2021-08-08T12:39:35 PDT" duration-ms="2496" status="PASS">
          <reporter-output>
          </reporter-output>
        </test-method> <!-- CloseAppURL -->
      </class> <!-- com.calibt.TestRunner.TestRunneer -->
    </test> <!-- Surefire test -->
  </suite> <!-- Surefire suite -->
</testng-results>
