<?xml version="1.0" encoding="UTF-8"?>
<testng-results ignored="0" total="2" passed="2" failed="0" skipped="0">
  <reporter-output>
  </reporter-output>
  <suite started-at="2021-08-08T12:33:25 PDT" name="Default suite" finished-at="2021-08-08T12:34:11 PDT" duration-ms="46210">
    <groups>
      <group name="cucumber">
        <method signature="AbstractTestNGCucumberTests.feature(cucumber.api.testng.CucumberFeatureWrapper)[pri:0, instance:com.calibt.TestRunner.TestRunneer@65f095f8]" name="feature" class="cucumber.api.testng.AbstractTestNGCucumberTests"/>
      </group> <!-- cucumber -->
    </groups>
    <test started-at="2021-08-08T12:33:25 PDT" name="Default test" finished-at="2021-08-08T12:34:11 PDT" duration-ms="46210">
      <class name="com.calibt.TestRunner.TestRunneer">
        <test-method is-config="true" signature="LaunchAppURL()[pri:0, instance:com.calibt.TestRunner.TestRunneer@65f095f8]" started-at="2021-08-08T12:33:25 PDT" name="LaunchAppURL" finished-at="2021-08-08T12:33:30 PDT" duration-ms="4213" status="PASS">
          <reporter-output>
          </reporter-output>
        </test-method> <!-- LaunchAppURL -->
        <test-method is-config="true" signature="setUpClass()[pri:0, instance:com.calibt.TestRunner.TestRunneer@65f095f8]" started-at="2021-08-08T12:33:30 PDT" name="setUpClass" finished-at="2021-08-08T12:33:30 PDT" duration-ms="509" status="PASS">
          <reporter-output>
          </reporter-output>
        </test-method> <!-- setUpClass -->
        <test-method signature="feature(cucumber.api.testng.CucumberFeatureWrapper)[pri:0, instance:com.calibt.TestRunner.TestRunneer@65f095f8]" started-at="2021-08-08T12:33:30 PDT" name="feature" description="Runs Cucumber Feature" data-provider="features" finished-at="2021-08-08T12:33:52 PDT" duration-ms="21348" status="PASS">
          <params>
            <param index="0">
              <value>
                <![CDATA[Search functionality of Amazon]]>
              </value>
            </param>
          </params>
          <reporter-output>
          </reporter-output>
        </test-method> <!-- feature -->
        <test-method signature="feature(cucumber.api.testng.CucumberFeatureWrapper)[pri:0, instance:com.calibt.TestRunner.TestRunneer@65f095f8]" started-at="2021-08-08T12:33:52 PDT" name="feature" description="Runs Cucumber Feature" data-provider="features" finished-at="2021-08-08T12:34:10 PDT" duration-ms="17841" status="PASS">
          <params>
            <param index="0">
              <value>
                <![CDATA[Signin with valid credentials]]>
              </value>
            </param>
          </params>
          <reporter-output>
          </reporter-output>
        </test-method> <!-- feature -->
        <test-method is-config="true" signature="tearDownClass()[pri:0, instance:com.calibt.TestRunner.TestRunneer@65f095f8]" started-at="2021-08-08T12:34:10 PDT" name="tearDownClass" finished-at="2021-08-08T12:34:10 PDT" duration-ms="51" status="PASS">
          <reporter-output>
          </reporter-output>
        </test-method> <!-- tearDownClass -->
        <test-method is-config="true" signature="CloseAppURL()[pri:0, instance:com.calibt.TestRunner.TestRunneer@65f095f8]" started-at="2021-08-08T12:34:10 PDT" name="CloseAppURL" finished-at="2021-08-08T12:34:11 PDT" duration-ms="1870" status="PASS">
          <reporter-output>
          </reporter-output>
        </test-method> <!-- CloseAppURL -->
      </class> <!-- com.calibt.TestRunner.TestRunneer -->
    </test> <!-- Default test -->
  </suite> <!-- Default suite -->
</testng-results>
